<?xml version="1.0" encoding="UTF-8"?>
<testsuite xmlns:xsi="http://www.w3.org/2001/XMLSchema-instance" xsi:noNamespaceSchemaLocation="https://maven.apache.org/surefire/maven-surefire-plugin/xsd/surefire-test-report-3.0.xsd" version="3.0" name="Runner.TestRunner" time="85.394" tests="5" errors="0" skipped="0" failures="5">
  <properties>
[...]
</properties>
  <testcase name="runScenario[&quot;Login Page&quot;, &quot;Validate login Functionality.&quot;](1)" classname="Runner.TestRunner" time="19.956">
    <failure message="class stepDefinitions.Hooks does not have a public zero-argument constructor.&#10;&#10;To use dependency injection add an other ObjectFactory implementation such as:&#10; * cucumber-picocontainer&#10; * cucumber-spring&#10; * cucumber-jakarta-cdi&#10; * ...etc&#10;" type="io.cucumber.core.exception.CucumberException"><![CDATA[io.cucumber.core.exception.CucumberException: 
class stepDefinitions.Hooks does not have a public zero-argument constructor.

To use dependency injection add an other ObjectFactory implementation such as:
 * cucumber-picocontainer
 * cucumber-spring
 * cucumber-jakarta-cdi
 * ...etc

	at io.cucumber.core.backend.DefaultObjectFactory.cacheNewInstance(DefaultObjectFactory.java:57)
	at io.cucumber.core.backend.DefaultObjectFactory.getInstance(DefaultObjectFactory.java:45)
	at io.cucumber.java.AbstractGlueDefinition.invokeMethod(AbstractGlueDefinition.java:47)
	at io.cucumber.java.JavaHookDefinition.execute(JavaHookDefinition.java:68)
	at io.cucumber.core.runner.CoreHookDefinition.execute(CoreHookDefinition.java:47)
	at io.cucumber.core.runner.HookDefinitionMatch.runStep(HookDefinitionMatch.java:21)
	at io.cucumber.core.runner.ExecutionMode$1.execute(ExecutionMode.java:10)
	at io.cucumber.core.runner.TestStep.executeStep(TestStep.java:81)
	at io.cucumber.core.runner.TestStep.run(TestStep.java:53)
	at io.cucumber.core.runner.TestCase.run(TestCase.java:93)
	at io.cucumber.core.runner.Runner.runPickle(Runner.java:78)
	at io.cucumber.testng.TestNGCucumberRunner.lambda$runScenario$1(TestNGCucumberRunner.java:132)
	at io.cucumber.core.runtime.CucumberExecutionContext.lambda$runTestCase$5(CucumberExecutionContext.java:136)
	at io.cucumber.core.runtime.RethrowingThrowableCollector.executeAndThrow(RethrowingThrowableCollector.java:23)
	at io.cucumber.core.runtime.CucumberExecutionContext.runTestCase(CucumberExecutionContext.java:136)
	at io.cucumber.testng.TestNGCucumberRunner.runScenario(TestNGCucumberRunner.java:129)
	at io.cucumber.testng.AbstractTestNGCucumberTests.runScenario(AbstractTestNGCucumberTests.java:35)
	at java.base/jdk.internal.reflect.NativeMethodAccessorImpl.invoke0(Native Method)
	at java.base/jdk.internal.reflect.NativeMethodAccessorImpl.invoke(NativeMethodAccessorImpl.java:77)
	at java.base/jdk.internal.reflect.DelegatingMethodAccessorImpl.invoke(DelegatingMethodAccessorImpl.java:43)
	at java.base/java.lang.reflect.Method.invoke(Method.java:568)
	at org.testng.internal.invokers.MethodInvocationHelper.invokeMethod(MethodInvocationHelper.java:139)
	at org.testng.internal.invokers.TestInvoker.invokeMethod(TestInvoker.java:664)
	at org.testng.internal.invokers.TestInvoker.invokeTestMethod(TestInvoker.java:227)
	at org.testng.internal.invokers.MethodRunner.runInSequence(MethodRunner.java:50)
	at org.testng.internal.invokers.TestInvoker$MethodInvocationAgent.invoke(TestInvoker.java:957)
	at org.testng.internal.invokers.TestInvoker.invokeTestMethods(TestInvoker.java:200)
	at org.testng.internal.invokers.TestMethodWorker.invokeTestMethods(TestMethodWorker.java:148)
	at org.testng.internal.invokers.TestMethodWorker.run(TestMethodWorker.java:128)
	at java.base/java.util.ArrayList.forEach(ArrayList.java:1511)
	at org.testng.TestRunner.privateRun(TestRunner.java:848)
	at org.testng.TestRunner.run(TestRunner.java:621)
	at org.testng.SuiteRunner.runTest(SuiteRunner.java:443)
	at org.testng.SuiteRunner.runSequentially(SuiteRunner.java:437)
	at org.testng.SuiteRunner.privateRun(SuiteRunner.java:397)
	at org.testng.SuiteRunner.run(SuiteRunner.java:336)
	at org.testng.SuiteRunnerWorker.runSuite(SuiteRunnerWorker.java:52)
	at org.testng.SuiteRunnerWorker.run(SuiteRunnerWorker.java:95)
	at org.testng.TestNG.runSuitesSequentially(TestNG.java:1280)
	at org.testng.TestNG.runSuitesLocally(TestNG.java:1200)
	at org.testng.TestNG.runSuites(TestNG.java:1114)
	at org.testng.TestNG.run(TestNG.java:1082)
	at org.apache.maven.surefire.testng.TestNGExecutor.run(TestNGExecutor.java:155)
	at org.apache.maven.surefire.testng.TestNGDirectoryTestSuite.executeSingleClass(TestNGDirectoryTestSuite.java:102)
	at org.apache.maven.surefire.testng.TestNGDirectoryTestSuite.execute(TestNGDirectoryTestSuite.java:91)
	at org.apache.maven.surefire.testng.TestNGProvider.invoke(TestNGProvider.java:137)
	at org.apache.maven.surefire.booter.ForkedBooter.runSuitesInProcess(ForkedBooter.java:385)
	at org.apache.maven.surefire.booter.ForkedBooter.execute(ForkedBooter.java:162)
	at org.apache.maven.surefire.booter.ForkedBooter.run(ForkedBooter.java:507)
	at org.apache.maven.surefire.booter.ForkedBooter.main(ForkedBooter.java:495)
Caused by: java.lang.NoSuchMethodException: stepDefinitions.Hooks.<init>()
	at java.base/java.lang.Class.getConstructor0(Class.java:3585)
	at java.base/java.lang.Class.getConstructor(Class.java:2271)
	at io.cucumber.core.backend.DefaultObjectFactory.cacheNewInstance(DefaultObjectFactory.java:52)
	... 49 more
]]></failure>
    <system-out><![CDATA[
Scenario Outline: Login Page                      # src/test/java/Features/Login.feature:14
  âœ” Given User opens the Browser.                 # stepDefinitions.loginSteps.user_opens_the_browser()
  âœ” And Navigate to the given URL.                # stepDefinitions.loginSteps.navigate_to_the_given_url()
  âœ” When User Enters "Admin" and "admin123"       # stepDefinitions.loginSteps.user_enters_credentials(java.lang.String,java.lang.String)
  âœ” And Click on the login button.                # stepDefinitions.loginSteps.click_on_the_login_button()
==========Login page open===========
Page Title is=OrangeHRM
  âœ” Then Validate the LoginPage Title "OrangeHRM" # stepDefinitions.loginSteps.validate_the_login_page_title(java.lang.String)
        io.cucumber.core.exception.CucumberException: class stepDefinitions.Hooks does not have a public zero-argument constructor.
        
        To use dependency injection add an other ObjectFactory implementation such as:
         * cucumber-picocontainer
         * cucumber-spring
         * cucumber-jakarta-cdi
         * ...etc
        
        	at io.cucumber.core.backend.DefaultObjectFactory.cacheNewInstance(DefaultObjectFactory.java:57)
        	at io.cucumber.core.backend.DefaultObjectFactory.getInstance(DefaultObjectFactory.java:45)
        	at io.cucumber.java.AbstractGlueDefinition.invokeMethod(AbstractGlueDefinition.java:47)
        	at io.cucumber.java.JavaHookDefinition.execute(JavaHookDefinition.java:68)
        	at io.cucumber.core.runner.CoreHookDefinition.execute(CoreHookDefinition.java:47)
        	at io.cucumber.core.runner.HookDefinitionMatch.runStep(HookDefinitionMatch.java:21)
        	at io.cucumber.core.runner.ExecutionMode$1.execute(ExecutionMode.java:10)
        	at io.cucumber.core.runner.TestStep.executeStep(TestStep.java:81)
        	at io.cucumber.core.runner.TestStep.run(TestStep.java:53)
        	at io.cucumber.core.runner.TestCase.run(TestCase.java:93)
        	at io.cucumber.core.runner.Runner.runPickle(Runner.java:78)
        	at io.cucumber.testng.TestNGCucumberRunner.lambda$runScenario$1(TestNGCucumberRunner.java:132)
        	at io.cucumber.core.runtime.CucumberExecutionContext.lambda$runTestCase$5(CucumberExecutionContext.java:136)
        	at io.cucumber.core.runtime.RethrowingThrowableCollector.executeAndThrow(RethrowingThrowableCollector.java:23)
        	at io.cucumber.core.runtime.CucumberExecutionContext.runTestCase(CucumberExecutionContext.java:136)
        	at io.cucumber.testng.TestNGCucumberRunner.runScenario(TestNGCucumberRunner.java:129)
        	at io.cucumber.testng.AbstractTestNGCucumberTests.runScenario(AbstractTestNGCucumberTests.java:35)
        	at java.base/jdk.internal.reflect.NativeMethodAccessorImpl.invoke0(Native Method)
        	at java.base/jdk.internal.reflect.NativeMethodAccessorImpl.invoke(NativeMethodAccessorImpl.java:77)
        	at java.base/jdk.internal.reflect.DelegatingMethodAccessorImpl.invoke(DelegatingMethodAccessorImpl.java:43)
        	at java.base/java.lang.reflect.Method.invoke(Method.java:568)
        	at org.testng.internal.invokers.MethodInvocationHelper.invokeMethod(MethodInvocationHelper.java:139)
        	at org.testng.internal.invokers.TestInvoker.invokeMethod(TestInvoker.java:664)
        	at org.testng.internal.invokers.TestInvoker.invokeTestMethod(TestInvoker.java:227)
        	at org.testng.internal.invokers.MethodRunner.runInSequence(MethodRunner.java:50)
        	at org.testng.internal.invokers.TestInvoker$MethodInvocationAgent.invoke(TestInvoker.java:957)
        	at org.testng.internal.invokers.TestInvoker.invokeTestMethods(TestInvoker.java:200)
        	at org.testng.internal.invokers.TestMethodWorker.invokeTestMethods(TestMethodWorker.java:148)
        	at org.testng.internal.invokers.TestMethodWorker.run(TestMethodWorker.java:128)
        	at java.base/java.util.ArrayList.forEach(ArrayList.java:1511)
        	at org.testng.TestRunner.privateRun(TestRunner.java:848)
        	at org.testng.TestRunner.run(TestRunner.java:621)
        	at org.testng.SuiteRunner.runTest(SuiteRunner.java:443)
        	at org.testng.SuiteRunner.runSequentially(SuiteRunner.java:437)
        	at org.testng.SuiteRunner.privateRun(SuiteRunner.java:397)
        	at org.testng.SuiteRunner.run(SuiteRunner.java:336)
        	at org.testng.SuiteRunnerWorker.runSuite(SuiteRunnerWorker.java:52)
        	at org.testng.SuiteRunnerWorker.run(SuiteRunnerWorker.java:95)
        	at org.testng.TestNG.runSuitesSequentially(TestNG.java:1280)
        	at org.testng.TestNG.runSuitesLocally(TestNG.java:1200)
        	at org.testng.TestNG.runSuites(TestNG.java:1114)
        	at org.testng.TestNG.run(TestNG.java:1082)
        	at org.apache.maven.surefire.testng.TestNGExecutor.run(TestNGExecutor.java:155)
        	at org.apache.maven.surefire.testng.TestNGDirectoryTestSuite.executeSingleClass(TestNGDirectoryTestSuite.java:102)
        	at org.apache.maven.surefire.testng.TestNGDirectoryTestSuite.execute(TestNGDirectoryTestSuite.java:91)
        	at org.apache.maven.surefire.testng.TestNGProvider.invoke(TestNGProvider.java:137)
        	at org.apache.maven.surefire.booter.ForkedBooter.runSuitesInProcess(ForkedBooter.java:385)
        	at org.apache.maven.surefire.booter.ForkedBooter.execute(ForkedBooter.java:162)
        	at org.apache.maven.surefire.booter.ForkedBooter.run(ForkedBooter.java:507)
        	at org.apache.maven.surefire.booter.ForkedBooter.main(ForkedBooter.java:495)
        Caused by: java.lang.NoSuchMethodException: stepDefinitions.Hooks.<init>()
        	at java.base/java.lang.Class.getConstructor0(Class.java:3585)
        	at java.base/java.lang.Class.getConstructor(Class.java:2271)
        	at io.cucumber.core.backend.DefaultObjectFactory.cacheNewInstance(DefaultObjectFactory.java:52)
        	... 49 more
]]></system-out>
    <system-err><![CDATA[SLF4J: Failed to load class "org.slf4j.impl.StaticLoggerBinder".
SLF4J: Defaulting to no-operation (NOP) logger implementation
SLF4J: See http://www.slf4j.org/codes.html#StaticLoggerBinder for further details.
May 04, 2026 3:28:57 PM org.openqa.selenium.devtools.CdpVersionFinder findNearestMatch
WARNING: Unable to find CDP implementation matching 147
May 04, 2026 3:28:57 PM org.openqa.selenium.chromium.ChromiumDriver lambda$new$4
WARNING: Unable to find version of CDP to use for 147.0.7727.102. You may need to include a dependency on a specific version of the CDP using something similar to `org.seleniumhq.selenium:selenium-devtools-v86:4.38.0` where the version ("v86") matches the version of the chromium-based browser you're using and the version number of the artifact is the same as Selenium's.
]]></system-err>
  </testcase>
  <testcase name="runScenario[&quot;Login Page&quot;, &quot;Validate login Functionality.&quot;](2)" classname="Runner.TestRunner" time="12.71">
    <failure message="class stepDefinitions.Hooks does not have a public zero-argument constructor.&#10;&#10;To use dependency injection add an other ObjectFactory implementation such as:&#10; * cucumber-picocontainer&#10; * cucumber-spring&#10; * cucumber-jakarta-cdi&#10; * ...etc&#10;" type="io.cucumber.core.exception.CucumberException"><![CDATA[io.cucumber.core.exception.CucumberException: 
class stepDefinitions.Hooks does not have a public zero-argument constructor.

To use dependency injection add an other ObjectFactory implementation such as:
 * cucumber-picocontainer
 * cucumber-spring
 * cucumber-jakarta-cdi
 * ...etc

	at io.cucumber.core.backend.DefaultObjectFactory.cacheNewInstance(DefaultObjectFactory.java:57)
	at io.cucumber.core.backend.DefaultObjectFactory.getInstance(DefaultObjectFactory.java:45)
	at io.cucumber.java.AbstractGlueDefinition.invokeMethod(AbstractGlueDefinition.java:47)
	at io.cucumber.java.JavaHookDefinition.execute(JavaHookDefinition.java:68)
	at io.cucumber.core.runner.CoreHookDefinition.execute(CoreHookDefinition.java:47)
	at io.cucumber.core.runner.HookDefinitionMatch.runStep(HookDefinitionMatch.java:21)
	at io.cucumber.core.runner.ExecutionMode$1.execute(ExecutionMode.java:10)
	at io.cucumber.core.runner.TestStep.executeStep(TestStep.java:81)
	at io.cucumber.core.runner.TestStep.run(TestStep.java:53)
	at io.cucumber.core.runner.TestCase.run(TestCase.java:93)
	at io.cucumber.core.runner.Runner.runPickle(Runner.java:78)
	at io.cucumber.testng.TestNGCucumberRunner.lambda$runScenario$1(TestNGCucumberRunner.java:132)
	at io.cucumber.core.runtime.CucumberExecutionContext.lambda$runTestCase$5(CucumberExecutionContext.java:136)
	at io.cucumber.core.runtime.RethrowingThrowableCollector.executeAndThrow(RethrowingThrowableCollector.java:23)
	at io.cucumber.core.runtime.CucumberExecutionContext.runTestCase(CucumberExecutionContext.java:136)
	at io.cucumber.testng.TestNGCucumberRunner.runScenario(TestNGCucumberRunner.java:129)
	at io.cucumber.testng.AbstractTestNGCucumberTests.runScenario(AbstractTestNGCucumberTests.java:35)
	at java.base/jdk.internal.reflect.NativeMethodAccessorImpl.invoke0(Native Method)
	at java.base/jdk.internal.reflect.NativeMethodAccessorImpl.invoke(NativeMethodAccessorImpl.java:77)
	at java.base/jdk.internal.reflect.DelegatingMethodAccessorImpl.invoke(DelegatingMethodAccessorImpl.java:43)
	at java.base/java.lang.reflect.Method.invoke(Method.java:568)
	at org.testng.internal.invokers.MethodInvocationHelper.invokeMethod(MethodInvocationHelper.java:139)
	at org.testng.internal.invokers.TestInvoker.invokeMethod(TestInvoker.java:664)
	at org.testng.internal.invokers.TestInvoker.invokeTestMethod(TestInvoker.java:227)
	at org.testng.internal.invokers.MethodRunner.runInSequence(MethodRunner.java:50)
	at org.testng.internal.invokers.TestInvoker$MethodInvocationAgent.invoke(TestInvoker.java:957)
	at org.testng.internal.invokers.TestInvoker.invokeTestMethods(TestInvoker.java:200)
	at org.testng.internal.invokers.TestMethodWorker.invokeTestMethods(TestMethodWorker.java:148)
	at org.testng.internal.invokers.TestMethodWorker.run(TestMethodWorker.java:128)
	at java.base/java.util.ArrayList.forEach(ArrayList.java:1511)
	at org.testng.TestRunner.privateRun(TestRunner.java:848)
	at org.testng.TestRunner.run(TestRunner.java:621)
	at org.testng.SuiteRunner.runTest(SuiteRunner.java:443)
	at org.testng.SuiteRunner.runSequentially(SuiteRunner.java:437)
	at org.testng.SuiteRunner.privateRun(SuiteRunner.java:397)
	at org.testng.SuiteRunner.run(SuiteRunner.java:336)
	at org.testng.SuiteRunnerWorker.runSuite(SuiteRunnerWorker.java:52)
	at org.testng.SuiteRunnerWorker.run(SuiteRunnerWorker.java:95)
	at org.testng.TestNG.runSuitesSequentially(TestNG.java:1280)
	at org.testng.TestNG.runSuitesLocally(TestNG.java:1200)
	at org.testng.TestNG.runSuites(TestNG.java:1114)
	at org.testng.TestNG.run(TestNG.java:1082)
	at org.apache.maven.surefire.testng.TestNGExecutor.run(TestNGExecutor.java:155)
	at org.apache.maven.surefire.testng.TestNGDirectoryTestSuite.executeSingleClass(TestNGDirectoryTestSuite.java:102)
	at org.apache.maven.surefire.testng.TestNGDirectoryTestSuite.execute(TestNGDirectoryTestSuite.java:91)
	at org.apache.maven.surefire.testng.TestNGProvider.invoke(TestNGProvider.java:137)
	at org.apache.maven.surefire.booter.ForkedBooter.runSuitesInProcess(ForkedBooter.java:385)
	at org.apache.maven.surefire.booter.ForkedBooter.execute(ForkedBooter.java:162)
	at org.apache.maven.surefire.booter.ForkedBooter.run(ForkedBooter.java:507)
	at org.apache.maven.surefire.booter.ForkedBooter.main(ForkedBooter.java:495)
Caused by: java.lang.NoSuchMethodException: stepDefinitions.Hooks.<init>()
	at java.base/java.lang.Class.getConstructor0(Class.java:3585)
	at java.base/java.lang.Class.getConstructor(Class.java:2271)
	at io.cucumber.core.backend.DefaultObjectFactory.cacheNewInstance(DefaultObjectFactory.java:52)
	... 49 more
]]></failure>
    <system-out><![CDATA[
Scenario Outline: Login Page                      # src/test/java/Features/Login.feature:15
  âœ” Given User opens the Browser.                 # stepDefinitions.loginSteps.user_opens_the_browser()
  âœ” And Navigate to the given URL.                # stepDefinitions.loginSteps.navigate_to_the_given_url()
  âœ” When User Enters "Admin" and "admin123"       # stepDefinitions.loginSteps.user_enters_credentials(java.lang.String,java.lang.String)
  âœ” And Click on the login button.                # stepDefinitions.loginSteps.click_on_the_login_button()
==========Login page open===========
Page Title is=OrangeHRM
  âœ” Then Validate the LoginPage Title "OrangeHRM" # stepDefinitions.loginSteps.validate_the_login_page_title(java.lang.String)
        io.cucumber.core.exception.CucumberException: class stepDefinitions.Hooks does not have a public zero-argument constructor.
        
        To use dependency injection add an other ObjectFactory implementation such as:
         * cucumber-picocontainer
         * cucumber-spring
         * cucumber-jakarta-cdi
         * ...etc
        
        	at io.cucumber.core.backend.DefaultObjectFactory.cacheNewInstance(DefaultObjectFactory.java:57)
        	at io.cucumber.core.backend.DefaultObjectFactory.getInstance(DefaultObjectFactory.java:45)
        	at io.cucumber.java.AbstractGlueDefinition.invokeMethod(AbstractGlueDefinition.java:47)
        	at io.cucumber.java.JavaHookDefinition.execute(JavaHookDefinition.java:68)
        	at io.cucumber.core.runner.CoreHookDefinition.execute(CoreHookDefinition.java:47)
        	at io.cucumber.core.runner.HookDefinitionMatch.runStep(HookDefinitionMatch.java:21)
        	at io.cucumber.core.runner.ExecutionMode$1.execute(ExecutionMode.java:10)
        	at io.cucumber.core.runner.TestStep.executeStep(TestStep.java:81)
        	at io.cucumber.core.runner.TestStep.run(TestStep.java:53)
        	at io.cucumber.core.runner.TestCase.run(TestCase.java:93)
        	at io.cucumber.core.runner.Runner.runPickle(Runner.java:78)
        	at io.cucumber.testng.TestNGCucumberRunner.lambda$runScenario$1(TestNGCucumberRunner.java:132)
        	at io.cucumber.core.runtime.CucumberExecutionContext.lambda$runTestCase$5(CucumberExecutionContext.java:136)
        	at io.cucumber.core.runtime.RethrowingThrowableCollector.executeAndThrow(RethrowingThrowableCollector.java:23)
        	at io.cucumber.core.runtime.CucumberExecutionContext.runTestCase(CucumberExecutionContext.java:136)
        	at io.cucumber.testng.TestNGCucumberRunner.runScenario(TestNGCucumberRunner.java:129)
        	at io.cucumber.testng.AbstractTestNGCucumberTests.runScenario(AbstractTestNGCucumberTests.java:35)
        	at java.base/jdk.internal.reflect.NativeMethodAccessorImpl.invoke0(Native Method)
        	at java.base/jdk.internal.reflect.NativeMethodAccessorImpl.invoke(NativeMethodAccessorImpl.java:77)
        	at java.base/jdk.internal.reflect.DelegatingMethodAccessorImpl.invoke(DelegatingMethodAccessorImpl.java:43)
        	at java.base/java.lang.reflect.Method.invoke(Method.java:568)
        	at org.testng.internal.invokers.MethodInvocationHelper.invokeMethod(MethodInvocationHelper.java:139)
        	at org.testng.internal.invokers.TestInvoker.invokeMethod(TestInvoker.java:664)
        	at org.testng.internal.invokers.TestInvoker.invokeTestMethod(TestInvoker.java:227)
        	at org.testng.internal.invokers.MethodRunner.runInSequence(MethodRunner.java:50)
        	at org.testng.internal.invokers.TestInvoker$MethodInvocationAgent.invoke(TestInvoker.java:957)
        	at org.testng.internal.invokers.TestInvoker.invokeTestMethods(TestInvoker.java:200)
        	at org.testng.internal.invokers.TestMethodWorker.invokeTestMethods(TestMethodWorker.java:148)
        	at org.testng.internal.invokers.TestMethodWorker.run(TestMethodWorker.java:128)
        	at java.base/java.util.ArrayList.forEach(ArrayList.java:1511)
        	at org.testng.TestRunner.privateRun(TestRunner.java:848)
        	at org.testng.TestRunner.run(TestRunner.java:621)
        	at org.testng.SuiteRunner.runTest(SuiteRunner.java:443)
        	at org.testng.SuiteRunner.runSequentially(SuiteRunner.java:437)
        	at org.testng.SuiteRunner.privateRun(SuiteRunner.java:397)
        	at org.testng.SuiteRunner.run(SuiteRunner.java:336)
        	at org.testng.SuiteRunnerWorker.runSuite(SuiteRunnerWorker.java:52)
        	at org.testng.SuiteRunnerWorker.run(SuiteRunnerWorker.java:95)
        	at org.testng.TestNG.runSuitesSequentially(TestNG.java:1280)
        	at org.testng.TestNG.runSuitesLocally(TestNG.java:1200)
        	at org.testng.TestNG.runSuites(TestNG.java:1114)
        	at org.testng.TestNG.run(TestNG.java:1082)
        	at org.apache.maven.surefire.testng.TestNGExecutor.run(TestNGExecutor.java:155)
        	at org.apache.maven.surefire.testng.TestNGDirectoryTestSuite.executeSingleClass(TestNGDirectoryTestSuite.java:102)
        	at org.apache.maven.surefire.testng.TestNGDirectoryTestSuite.execute(TestNGDirectoryTestSuite.java:91)
        	at org.apache.maven.surefire.testng.TestNGProvider.invoke(TestNGProvider.java:137)
        	at org.apache.maven.surefire.booter.ForkedBooter.runSuitesInProcess(ForkedBooter.java:385)
        	at org.apache.maven.surefire.booter.ForkedBooter.execute(ForkedBooter.java:162)
        	at org.apache.maven.surefire.booter.ForkedBooter.run(ForkedBooter.java:507)
        	at org.apache.maven.surefire.booter.ForkedBooter.main(ForkedBooter.java:495)
        Caused by: java.lang.NoSuchMethodException: stepDefinitions.Hooks.<init>()
        	at java.base/java.lang.Class.getConstructor0(Class.java:3585)
        	at java.base/java.lang.Class.getConstructor(Class.java:2271)
        	at io.cucumber.core.backend.DefaultObjectFactory.cacheNewInstance(DefaultObjectFactory.java:52)
        	... 49 more
]]></system-out>
    <system-err><![CDATA[May 04, 2026 3:29:11 PM org.openqa.selenium.devtools.CdpVersionFinder findNearestMatch
WARNING: Unable to find CDP implementation matching 147
May 04, 2026 3:29:11 PM org.openqa.selenium.chromium.ChromiumDriver lambda$new$4
WARNING: Unable to find version of CDP to use for 147.0.7727.102. You may need to include a dependency on a specific version of the CDP using something similar to `org.seleniumhq.selenium:selenium-devtools-v86:4.38.0` where the version ("v86") matches the version of the chromium-based browser you're using and the version number of the artifact is the same as Selenium's.
]]></system-err>
  </testcase>
  <testcase name="runScenario[&quot;Login Page&quot;, &quot;Validate login Functionality.&quot;](3)" classname="Runner.TestRunner" time="20.633">
    <failure message="class stepDefinitions.Hooks does not have a public zero-argument constructor.&#10;&#10;To use dependency injection add an other ObjectFactory implementation such as:&#10; * cucumber-picocontainer&#10; * cucumber-spring&#10; * cucumber-jakarta-cdi&#10; * ...etc&#10;" type="io.cucumber.core.exception.CucumberException"><![CDATA[io.cucumber.core.exception.CucumberException: 
class stepDefinitions.Hooks does not have a public zero-argument constructor.

To use dependency injection add an other ObjectFactory implementation such as:
 * cucumber-picocontainer
 * cucumber-spring
 * cucumber-jakarta-cdi
 * ...etc

	at io.cucumber.core.backend.DefaultObjectFactory.cacheNewInstance(DefaultObjectFactory.java:57)
	at io.cucumber.core.backend.DefaultObjectFactory.getInstance(DefaultObjectFactory.java:45)
	at io.cucumber.java.AbstractGlueDefinition.invokeMethod(AbstractGlueDefinition.java:47)
	at io.cucumber.java.JavaHookDefinition.execute(JavaHookDefinition.java:68)
	at io.cucumber.core.runner.CoreHookDefinition.execute(CoreHookDefinition.java:47)
	at io.cucumber.core.runner.HookDefinitionMatch.runStep(HookDefinitionMatch.java:21)
	at io.cucumber.core.runner.ExecutionMode$1.execute(ExecutionMode.java:10)
	at io.cucumber.core.runner.TestStep.executeStep(TestStep.java:81)
	at io.cucumber.core.runner.TestStep.run(TestStep.java:53)
	at io.cucumber.core.runner.TestCase.run(TestCase.java:93)
	at io.cucumber.core.runner.Runner.runPickle(Runner.java:78)
	at io.cucumber.testng.TestNGCucumberRunner.lambda$runScenario$1(TestNGCucumberRunner.java:132)
	at io.cucumber.core.runtime.CucumberExecutionContext.lambda$runTestCase$5(CucumberExecutionContext.java:136)
	at io.cucumber.core.runtime.RethrowingThrowableCollector.executeAndThrow(RethrowingThrowableCollector.java:23)
	at io.cucumber.core.runtime.CucumberExecutionContext.runTestCase(CucumberExecutionContext.java:136)
	at io.cucumber.testng.TestNGCucumberRunner.runScenario(TestNGCucumberRunner.java:129)
	at io.cucumber.testng.AbstractTestNGCucumberTests.runScenario(AbstractTestNGCucumberTests.java:35)
	at java.base/jdk.internal.reflect.NativeMethodAccessorImpl.invoke0(Native Method)
	at java.base/jdk.internal.reflect.NativeMethodAccessorImpl.invoke(NativeMethodAccessorImpl.java:77)
	at java.base/jdk.internal.reflect.DelegatingMethodAccessorImpl.invoke(DelegatingMethodAccessorImpl.java:43)
	at java.base/java.lang.reflect.Method.invoke(Method.java:568)
	at org.testng.internal.invokers.MethodInvocationHelper.invokeMethod(MethodInvocationHelper.java:139)
	at org.testng.internal.invokers.TestInvoker.invokeMethod(TestInvoker.java:664)
	at org.testng.internal.invokers.TestInvoker.invokeTestMethod(TestInvoker.java:227)
	at org.testng.internal.invokers.MethodRunner.runInSequence(MethodRunner.java:50)
	at org.testng.internal.invokers.TestInvoker$MethodInvocationAgent.invoke(TestInvoker.java:957)
	at org.testng.internal.invokers.TestInvoker.invokeTestMethods(TestInvoker.java:200)
	at org.testng.internal.invokers.TestMethodWorker.invokeTestMethods(TestMethodWorker.java:148)
	at org.testng.internal.invokers.TestMethodWorker.run(TestMethodWorker.java:128)
	at java.base/java.util.ArrayList.forEach(ArrayList.java:1511)
	at org.testng.TestRunner.privateRun(TestRunner.java:848)
	at org.testng.TestRunner.run(TestRunner.java:621)
	at org.testng.SuiteRunner.runTest(SuiteRunner.java:443)
	at org.testng.SuiteRunner.runSequentially(SuiteRunner.java:437)
	at org.testng.SuiteRunner.privateRun(SuiteRunner.java:397)
	at org.testng.SuiteRunner.run(SuiteRunner.java:336)
	at org.testng.SuiteRunnerWorker.runSuite(SuiteRunnerWorker.java:52)
	at org.testng.SuiteRunnerWorker.run(SuiteRunnerWorker.java:95)
	at org.testng.TestNG.runSuitesSequentially(TestNG.java:1280)
	at org.testng.TestNG.runSuitesLocally(TestNG.java:1200)
	at org.testng.TestNG.runSuites(TestNG.java:1114)
	at org.testng.TestNG.run(TestNG.java:1082)
	at org.apache.maven.surefire.testng.TestNGExecutor.run(TestNGExecutor.java:155)
	at org.apache.maven.surefire.testng.TestNGDirectoryTestSuite.executeSingleClass(TestNGDirectoryTestSuite.java:102)
	at org.apache.maven.surefire.testng.TestNGDirectoryTestSuite.execute(TestNGDirectoryTestSuite.java:91)
	at org.apache.maven.surefire.testng.TestNGProvider.invoke(TestNGProvider.java:137)
	at org.apache.maven.surefire.booter.ForkedBooter.runSuitesInProcess(ForkedBooter.java:385)
	at org.apache.maven.surefire.booter.ForkedBooter.execute(ForkedBooter.java:162)
	at org.apache.maven.surefire.booter.ForkedBooter.run(ForkedBooter.java:507)
	at org.apache.maven.surefire.booter.ForkedBooter.main(ForkedBooter.java:495)
Caused by: java.lang.NoSuchMethodException: stepDefinitions.Hooks.<init>()
	at java.base/java.lang.Class.getConstructor0(Class.java:3585)
	at java.base/java.lang.Class.getConstructor(Class.java:2271)
	at io.cucumber.core.backend.DefaultObjectFactory.cacheNewInstance(DefaultObjectFactory.java:52)
	... 49 more
]]></failure>
    <system-out><![CDATA[
Scenario Outline: Login Page                      # src/test/java/Features/Login.feature:16
  âœ” Given User opens the Browser.                 # stepDefinitions.loginSteps.user_opens_the_browser()
  âœ” And Navigate to the given URL.                # stepDefinitions.loginSteps.navigate_to_the_given_url()
  âœ” When User Enters "Admin" and "admin123"       # stepDefinitions.loginSteps.user_enters_credentials(java.lang.String,java.lang.String)
  âœ” And Click on the login button.                # stepDefinitions.loginSteps.click_on_the_login_button()
==========Login page open===========
Page Title is=OrangeHRM
  âœ” Then Validate the LoginPage Title "OrangeHRM" # stepDefinitions.loginSteps.validate_the_login_page_title(java.lang.String)
        io.cucumber.core.exception.CucumberException: class stepDefinitions.Hooks does not have a public zero-argument constructor.
        
        To use dependency injection add an other ObjectFactory implementation such as:
         * cucumber-picocontainer
         * cucumber-spring
         * cucumber-jakarta-cdi
         * ...etc
        
        	at io.cucumber.core.backend.DefaultObjectFactory.cacheNewInstance(DefaultObjectFactory.java:57)
        	at io.cucumber.core.backend.DefaultObjectFactory.getInstance(DefaultObjectFactory.java:45)
        	at io.cucumber.java.AbstractGlueDefinition.invokeMethod(AbstractGlueDefinition.java:47)
        	at io.cucumber.java.JavaHookDefinition.execute(JavaHookDefinition.java:68)
        	at io.cucumber.core.runner.CoreHookDefinition.execute(CoreHookDefinition.java:47)
        	at io.cucumber.core.runner.HookDefinitionMatch.runStep(HookDefinitionMatch.java:21)
        	at io.cucumber.core.runner.ExecutionMode$1.execute(ExecutionMode.java:10)
        	at io.cucumber.core.runner.TestStep.executeStep(TestStep.java:81)
        	at io.cucumber.core.runner.TestStep.run(TestStep.java:53)
        	at io.cucumber.core.runner.TestCase.run(TestCase.java:93)
        	at io.cucumber.core.runner.Runner.runPickle(Runner.java:78)
        	at io.cucumber.testng.TestNGCucumberRunner.lambda$runScenario$1(TestNGCucumberRunner.java:132)
        	at io.cucumber.core.runtime.CucumberExecutionContext.lambda$runTestCase$5(CucumberExecutionContext.java:136)
        	at io.cucumber.core.runtime.RethrowingThrowableCollector.executeAndThrow(RethrowingThrowableCollector.java:23)
        	at io.cucumber.core.runtime.CucumberExecutionContext.runTestCase(CucumberExecutionContext.java:136)
        	at io.cucumber.testng.TestNGCucumberRunner.runScenario(TestNGCucumberRunner.java:129)
        	at io.cucumber.testng.AbstractTestNGCucumberTests.runScenario(AbstractTestNGCucumberTests.java:35)
        	at java.base/jdk.internal.reflect.NativeMethodAccessorImpl.invoke0(Native Method)
        	at java.base/jdk.internal.reflect.NativeMethodAccessorImpl.invoke(NativeMethodAccessorImpl.java:77)
        	at java.base/jdk.internal.reflect.DelegatingMethodAccessorImpl.invoke(DelegatingMethodAccessorImpl.java:43)
        	at java.base/java.lang.reflect.Method.invoke(Method.java:568)
        	at org.testng.internal.invokers.MethodInvocationHelper.invokeMethod(MethodInvocationHelper.java:139)
        	at org.testng.internal.invokers.TestInvoker.invokeMethod(TestInvoker.java:664)
        	at org.testng.internal.invokers.TestInvoker.invokeTestMethod(TestInvoker.java:227)
        	at org.testng.internal.invokers.MethodRunner.runInSequence(MethodRunner.java:50)
        	at org.testng.internal.invokers.TestInvoker$MethodInvocationAgent.invoke(TestInvoker.java:957)
        	at org.testng.internal.invokers.TestInvoker.invokeTestMethods(TestInvoker.java:200)
        	at org.testng.internal.invokers.TestMethodWorker.invokeTestMethods(TestMethodWorker.java:148)
        	at org.testng.internal.invokers.TestMethodWorker.run(TestMethodWorker.java:128)
        	at java.base/java.util.ArrayList.forEach(ArrayList.java:1511)
        	at org.testng.TestRunner.privateRun(TestRunner.java:848)
        	at org.testng.TestRunner.run(TestRunner.java:621)
        	at org.testng.SuiteRunner.runTest(SuiteRunner.java:443)
        	at org.testng.SuiteRunner.runSequentially(SuiteRunner.java:437)
        	at org.testng.SuiteRunner.privateRun(SuiteRunner.java:397)
        	at org.testng.SuiteRunner.run(SuiteRunner.java:336)
        	at org.testng.SuiteRunnerWorker.runSuite(SuiteRunnerWorker.java:52)
        	at org.testng.SuiteRunnerWorker.run(SuiteRunnerWorker.java:95)
        	at org.testng.TestNG.runSuitesSequentially(TestNG.java:1280)
        	at org.testng.TestNG.runSuitesLocally(TestNG.java:1200)
        	at org.testng.TestNG.runSuites(TestNG.java:1114)
        	at org.testng.TestNG.run(TestNG.java:1082)
        	at org.apache.maven.surefire.testng.TestNGExecutor.run(TestNGExecutor.java:155)
        	at org.apache.maven.surefire.testng.TestNGDirectoryTestSuite.executeSingleClass(TestNGDirectoryTestSuite.java:102)
        	at org.apache.maven.surefire.testng.TestNGDirectoryTestSuite.execute(TestNGDirectoryTestSuite.java:91)
        	at org.apache.maven.surefire.testng.TestNGProvider.invoke(TestNGProvider.java:137)
        	at org.apache.maven.surefire.booter.ForkedBooter.runSuitesInProcess(ForkedBooter.java:385)
        	at org.apache.maven.surefire.booter.ForkedBooter.execute(ForkedBooter.java:162)
        	at org.apache.maven.surefire.booter.ForkedBooter.run(ForkedBooter.java:507)
        	at org.apache.maven.surefire.booter.ForkedBooter.main(ForkedBooter.java:495)
        Caused by: java.lang.NoSuchMethodException: stepDefinitions.Hooks.<init>()
        	at java.base/java.lang.Class.getConstructor0(Class.java:3585)
        	at java.base/java.lang.Class.getConstructor(Class.java:2271)
        	at io.cucumber.core.backend.DefaultObjectFactory.cacheNewInstance(DefaultObjectFactory.java:52)
        	... 49 more
]]></system-out>
    <system-err><![CDATA[May 04, 2026 3:29:24 PM org.openqa.selenium.devtools.CdpVersionFinder findNearestMatch
WARNING: Unable to find CDP implementation matching 147
May 04, 2026 3:29:24 PM org.openqa.selenium.chromium.ChromiumDriver lambda$new$4
WARNING: Unable to find version of CDP to use for 147.0.7727.102. You may need to include a dependency on a specific version of the CDP using something similar to `org.seleniumhq.selenium:selenium-devtools-v86:4.38.0` where the version ("v86") matches the version of the chromium-based browser you're using and the version number of the artifact is the same as Selenium's.
]]></system-err>
  </testcase>
  <testcase name="runScenario[&quot;Login Page&quot;, &quot;Validate login Functionality.&quot;](4)" classname="Runner.TestRunner" time="17.229">
    <failure message="class stepDefinitions.Hooks does not have a public zero-argument constructor.&#10;&#10;To use dependency injection add an other ObjectFactory implementation such as:&#10; * cucumber-picocontainer&#10; * cucumber-spring&#10; * cucumber-jakarta-cdi&#10; * ...etc&#10;" type="io.cucumber.core.exception.CucumberException"><![CDATA[io.cucumber.core.exception.CucumberException: 
class stepDefinitions.Hooks does not have a public zero-argument constructor.

To use dependency injection add an other ObjectFactory implementation such as:
 * cucumber-picocontainer
 * cucumber-spring
 * cucumber-jakarta-cdi
 * ...etc

	at io.cucumber.core.backend.DefaultObjectFactory.cacheNewInstance(DefaultObjectFactory.java:57)
	at io.cucumber.core.backend.DefaultObjectFactory.getInstance(DefaultObjectFactory.java:45)
	at io.cucumber.java.AbstractGlueDefinition.invokeMethod(AbstractGlueDefinition.java:47)
	at io.cucumber.java.JavaHookDefinition.execute(JavaHookDefinition.java:68)
	at io.cucumber.core.runner.CoreHookDefinition.execute(CoreHookDefinition.java:47)
	at io.cucumber.core.runner.HookDefinitionMatch.runStep(HookDefinitionMatch.java:21)
	at io.cucumber.core.runner.ExecutionMode$1.execute(ExecutionMode.java:10)
	at io.cucumber.core.runner.TestStep.executeStep(TestStep.java:81)
	at io.cucumber.core.runner.TestStep.run(TestStep.java:53)
	at io.cucumber.core.runner.TestCase.run(TestCase.java:93)
	at io.cucumber.core.runner.Runner.runPickle(Runner.java:78)
	at io.cucumber.testng.TestNGCucumberRunner.lambda$runScenario$1(TestNGCucumberRunner.java:132)
	at io.cucumber.core.runtime.CucumberExecutionContext.lambda$runTestCase$5(CucumberExecutionContext.java:136)
	at io.cucumber.core.runtime.RethrowingThrowableCollector.executeAndThrow(RethrowingThrowableCollector.java:23)
	at io.cucumber.core.runtime.CucumberExecutionContext.runTestCase(CucumberExecutionContext.java:136)
	at io.cucumber.testng.TestNGCucumberRunner.runScenario(TestNGCucumberRunner.java:129)
	at io.cucumber.testng.AbstractTestNGCucumberTests.runScenario(AbstractTestNGCucumberTests.java:35)
	at java.base/jdk.internal.reflect.NativeMethodAccessorImpl.invoke0(Native Method)
	at java.base/jdk.internal.reflect.NativeMethodAccessorImpl.invoke(NativeMethodAccessorImpl.java:77)
	at java.base/jdk.internal.reflect.DelegatingMethodAccessorImpl.invoke(DelegatingMethodAccessorImpl.java:43)
	at java.base/java.lang.reflect.Method.invoke(Method.java:568)
	at org.testng.internal.invokers.MethodInvocationHelper.invokeMethod(MethodInvocationHelper.java:139)
	at org.testng.internal.invokers.TestInvoker.invokeMethod(TestInvoker.java:664)
	at org.testng.internal.invokers.TestInvoker.invokeTestMethod(TestInvoker.java:227)
	at org.testng.internal.invokers.MethodRunner.runInSequence(MethodRunner.java:50)
	at org.testng.internal.invokers.TestInvoker$MethodInvocationAgent.invoke(TestInvoker.java:957)
	at org.testng.internal.invokers.TestInvoker.invokeTestMethods(TestInvoker.java:200)
	at org.testng.internal.invokers.TestMethodWorker.invokeTestMethods(TestMethodWorker.java:148)
	at org.testng.internal.invokers.TestMethodWorker.run(TestMethodWorker.java:128)
	at java.base/java.util.ArrayList.forEach(ArrayList.java:1511)
	at org.testng.TestRunner.privateRun(TestRunner.java:848)
	at org.testng.TestRunner.run(TestRunner.java:621)
	at org.testng.SuiteRunner.runTest(SuiteRunner.java:443)
	at org.testng.SuiteRunner.runSequentially(SuiteRunner.java:437)
	at org.testng.SuiteRunner.privateRun(SuiteRunner.java:397)
	at org.testng.SuiteRunner.run(SuiteRunner.java:336)
	at org.testng.SuiteRunnerWorker.runSuite(SuiteRunnerWorker.java:52)
	at org.testng.SuiteRunnerWorker.run(SuiteRunnerWorker.java:95)
	at org.testng.TestNG.runSuitesSequentially(TestNG.java:1280)
	at org.testng.TestNG.runSuitesLocally(TestNG.java:1200)
	at org.testng.TestNG.runSuites(TestNG.java:1114)
	at org.testng.TestNG.run(TestNG.java:1082)
	at org.apache.maven.surefire.testng.TestNGExecutor.run(TestNGExecutor.java:155)
	at org.apache.maven.surefire.testng.TestNGDirectoryTestSuite.executeSingleClass(TestNGDirectoryTestSuite.java:102)
	at org.apache.maven.surefire.testng.TestNGDirectoryTestSuite.execute(TestNGDirectoryTestSuite.java:91)
	at org.apache.maven.surefire.testng.TestNGProvider.invoke(TestNGProvider.java:137)
	at org.apache.maven.surefire.booter.ForkedBooter.runSuitesInProcess(ForkedBooter.java:385)
	at org.apache.maven.surefire.booter.ForkedBooter.execute(ForkedBooter.java:162)
	at org.apache.maven.surefire.booter.ForkedBooter.run(ForkedBooter.java:507)
	at org.apache.maven.surefire.booter.ForkedBooter.main(ForkedBooter.java:495)
Caused by: java.lang.NoSuchMethodException: stepDefinitions.Hooks.<init>()
	at java.base/java.lang.Class.getConstructor0(Class.java:3585)
	at java.base/java.lang.Class.getConstructor(Class.java:2271)
	at io.cucumber.core.backend.DefaultObjectFactory.cacheNewInstance(DefaultObjectFactory.java:52)
	... 49 more
]]></failure>
    <system-out><![CDATA[
Scenario Outline: Login Page                      # src/test/java/Features/Login.feature:17
  âœ” Given User opens the Browser.                 # stepDefinitions.loginSteps.user_opens_the_browser()
  âœ” And Navigate to the given URL.                # stepDefinitions.loginSteps.navigate_to_the_given_url()
  âœ” When User Enters "Admin" and "admin123"       # stepDefinitions.loginSteps.user_enters_credentials(java.lang.String,java.lang.String)
  âœ” And Click on the login button.                # stepDefinitions.loginSteps.click_on_the_login_button()
==========Login page open===========
Page Title is=OrangeHRM
  âœ” Then Validate the LoginPage Title "OrangeHRM" # stepDefinitions.loginSteps.validate_the_login_page_title(java.lang.String)
        io.cucumber.core.exception.CucumberException: class stepDefinitions.Hooks does not have a public zero-argument constructor.
        
        To use dependency injection add an other ObjectFactory implementation such as:
         * cucumber-picocontainer
         * cucumber-spring
         * cucumber-jakarta-cdi
         * ...etc
        
        	at io.cucumber.core.backend.DefaultObjectFactory.cacheNewInstance(DefaultObjectFactory.java:57)
        	at io.cucumber.core.backend.DefaultObjectFactory.getInstance(DefaultObjectFactory.java:45)
        	at io.cucumber.java.AbstractGlueDefinition.invokeMethod(AbstractGlueDefinition.java:47)
        	at io.cucumber.java.JavaHookDefinition.execute(JavaHookDefinition.java:68)
        	at io.cucumber.core.runner.CoreHookDefinition.execute(CoreHookDefinition.java:47)
        	at io.cucumber.core.runner.HookDefinitionMatch.runStep(HookDefinitionMatch.java:21)
        	at io.cucumber.core.runner.ExecutionMode$1.execute(ExecutionMode.java:10)
        	at io.cucumber.core.runner.TestStep.executeStep(TestStep.java:81)
        	at io.cucumber.core.runner.TestStep.run(TestStep.java:53)
        	at io.cucumber.core.runner.TestCase.run(TestCase.java:93)
        	at io.cucumber.core.runner.Runner.runPickle(Runner.java:78)
        	at io.cucumber.testng.TestNGCucumberRunner.lambda$runScenario$1(TestNGCucumberRunner.java:132)
        	at io.cucumber.core.runtime.CucumberExecutionContext.lambda$runTestCase$5(CucumberExecutionContext.java:136)
        	at io.cucumber.core.runtime.RethrowingThrowableCollector.executeAndThrow(RethrowingThrowableCollector.java:23)
        	at io.cucumber.core.runtime.CucumberExecutionContext.runTestCase(CucumberExecutionContext.java:136)
        	at io.cucumber.testng.TestNGCucumberRunner.runScenario(TestNGCucumberRunner.java:129)
        	at io.cucumber.testng.AbstractTestNGCucumberTests.runScenario(AbstractTestNGCucumberTests.java:35)
        	at java.base/jdk.internal.reflect.NativeMethodAccessorImpl.invoke0(Native Method)
        	at java.base/jdk.internal.reflect.NativeMethodAccessorImpl.invoke(NativeMethodAccessorImpl.java:77)
        	at java.base/jdk.internal.reflect.DelegatingMethodAccessorImpl.invoke(DelegatingMethodAccessorImpl.java:43)
        	at java.base/java.lang.reflect.Method.invoke(Method.java:568)
        	at org.testng.internal.invokers.MethodInvocationHelper.invokeMethod(MethodInvocationHelper.java:139)
        	at org.testng.internal.invokers.TestInvoker.invokeMethod(TestInvoker.java:664)
        	at org.testng.internal.invokers.TestInvoker.invokeTestMethod(TestInvoker.java:227)
        	at org.testng.internal.invokers.MethodRunner.runInSequence(MethodRunner.java:50)
        	at org.testng.internal.invokers.TestInvoker$MethodInvocationAgent.invoke(TestInvoker.java:957)
        	at org.testng.internal.invokers.TestInvoker.invokeTestMethods(TestInvoker.java:200)
        	at org.testng.internal.invokers.TestMethodWorker.invokeTestMethods(TestMethodWorker.java:148)
        	at org.testng.internal.invokers.TestMethodWorker.run(TestMethodWorker.java:128)
        	at java.base/java.util.ArrayList.forEach(ArrayList.java:1511)
        	at org.testng.TestRunner.privateRun(TestRunner.java:848)
        	at org.testng.TestRunner.run(TestRunner.java:621)
        	at org.testng.SuiteRunner.runTest(SuiteRunner.java:443)
        	at org.testng.SuiteRunner.runSequentially(SuiteRunner.java:437)
        	at org.testng.SuiteRunner.privateRun(SuiteRunner.java:397)
        	at org.testng.SuiteRunner.run(SuiteRunner.java:336)
        	at org.testng.SuiteRunnerWorker.runSuite(SuiteRunnerWorker.java:52)
        	at org.testng.SuiteRunnerWorker.run(SuiteRunnerWorker.java:95)
        	at org.testng.TestNG.runSuitesSequentially(TestNG.java:1280)
        	at org.testng.TestNG.runSuitesLocally(TestNG.java:1200)
        	at org.testng.TestNG.runSuites(TestNG.java:1114)
        	at org.testng.TestNG.run(TestNG.java:1082)
        	at org.apache.maven.surefire.testng.TestNGExecutor.run(TestNGExecutor.java:155)
        	at org.apache.maven.surefire.testng.TestNGDirectoryTestSuite.executeSingleClass(TestNGDirectoryTestSuite.java:102)
        	at org.apache.maven.surefire.testng.TestNGDirectoryTestSuite.execute(TestNGDirectoryTestSuite.java:91)
        	at org.apache.maven.surefire.testng.TestNGProvider.invoke(TestNGProvider.java:137)
        	at org.apache.maven.surefire.booter.ForkedBooter.runSuitesInProcess(ForkedBooter.java:385)
        	at org.apache.maven.surefire.booter.ForkedBooter.execute(ForkedBooter.java:162)
        	at org.apache.maven.surefire.booter.ForkedBooter.run(ForkedBooter.java:507)
        	at org.apache.maven.surefire.booter.ForkedBooter.main(ForkedBooter.java:495)
        Caused by: java.lang.NoSuchMethodException: stepDefinitions.Hooks.<init>()
        	at java.base/java.lang.Class.getConstructor0(Class.java:3585)
        	at java.base/java.lang.Class.getConstructor(Class.java:2271)
        	at io.cucumber.core.backend.DefaultObjectFactory.cacheNewInstance(DefaultObjectFactory.java:52)
        	... 49 more
]]></system-out>
    <system-err><![CDATA[May 04, 2026 3:29:44 PM org.openqa.selenium.devtools.CdpVersionFinder findNearestMatch
WARNING: Unable to find CDP implementation matching 147
May 04, 2026 3:29:44 PM org.openqa.selenium.chromium.ChromiumDriver lambda$new$4
WARNING: Unable to find version of CDP to use for 147.0.7727.102. You may need to include a dependency on a specific version of the CDP using something similar to `org.seleniumhq.selenium:selenium-devtools-v86:4.38.0` where the version ("v86") matches the version of the chromium-based browser you're using and the version number of the artifact is the same as Selenium's.
]]></system-err>
  </testcase>
  <testcase name="runScenario[&quot;Login Page&quot;, &quot;Validate login Functionality.&quot;](5)" classname="Runner.TestRunner" time="12.271">
    <failure message="Expected condition failed: waiting for visibility of Proxy element for: DefaultElementLocator &apos;By.xpath: //input[@placeholder=&apos;Username&apos;]&apos; (tried for 10 second(s) with 500 milliseconds interval)" type="org.openqa.selenium.TimeoutException"><![CDATA[org.openqa.selenium.TimeoutException: Expected condition failed: waiting for visibility of Proxy element for: DefaultElementLocator 'By.xpath: //input[@placeholder='Username']' (tried for 10 second(s) with 500 milliseconds interval)
	at org.openqa.selenium.support.ui.WebDriverWait.timeoutException(WebDriverWait.java:84)
	at org.openqa.selenium.support.ui.FluentWait.until(FluentWait.java:228)
	at POM_Pages.LoginPage.EnterUserName(LoginPage.java:35)
	at stepDefinitions.loginSteps.user_enters_credentials(loginSteps.java:31)
	at ✽.User Enters "Admin" and "admin123"(file:///C:/Users/aksha/eclipse-workspace/bdd-login_Scrap/src/test/java/Features/Login.feature:7)
Caused by: org.openqa.selenium.NoSuchElementException: no such element: Unable to locate element: {"method":"xpath","selector":"//input[@placeholder='Username']"}
  (Session info: chrome=147.0.7727.102)
For documentation on this error, please visit: https://www.selenium.dev/documentation/webdriver/troubleshooting/errors#nosuchelementexception
Build info: version: '4.38.0', revision: '6b412e825c*'
System info: os.name: 'Windows 10', os.arch: 'amd64', os.version: '10.0', java.version: '17.0.12'
Driver info: org.openqa.selenium.chrome.ChromeDriver
Command: [b5a67b8d94b1df68627e3d9949ac05b3, findElement {value=//input[@placeholder='Username'], using=xpath}]
Capabilities {acceptInsecureCerts: false, browserName: chrome, browserVersion: 147.0.7727.102, chrome: {chromedriverVersion: 147.0.7727.117 (474cc805edd..., userDataDir: C:\Users\aksha\AppData\Loca...}, fedcm:accounts: true, goog:chromeOptions: {debuggerAddress: localhost:57647}, goog:processID: 16424, networkConnectionEnabled: false, pageLoadStrategy: normal, platformName: windows, proxy: Proxy(), se:cdp: ws://localhost:57647/devtoo..., se:cdpVersion: 147.0.7727.102, setWindowRect: true, strictFileInteractability: false, timeouts: {implicit: 0, pageLoad: 300000, script: 30000}, unhandledPromptBehavior: dismiss and notify, webauthn:extension:credBlob: true, webauthn:extension:largeBlob: true, webauthn:extension:minPinLength: true, webauthn:extension:prf: true, webauthn:virtualAuthenticators: true}
Session ID: b5a67b8d94b1df68627e3d9949ac05b3
	at jdk.internal.reflect.GeneratedConstructorAccessor9.newInstance(Unknown Source)
	at java.base/jdk.internal.reflect.DelegatingConstructorAccessorImpl.newInstance(DelegatingConstructorAccessorImpl.java:45)
	at java.base/java.lang.reflect.Constructor.newInstanceWithCaller(Constructor.java:499)
	at java.base/java.lang.reflect.Constructor.newInstance(Constructor.java:480)
	at org.openqa.selenium.remote.ErrorCodec.decode(ErrorCodec.java:167)
	at org.openqa.selenium.remote.codec.w3c.W3CHttpResponseCodec.decode(W3CHttpResponseCodec.java:138)
	at org.openqa.selenium.remote.codec.w3c.W3CHttpResponseCodec.decode(W3CHttpResponseCodec.java:50)
	at org.openqa.selenium.remote.HttpCommandExecutor.execute(HttpCommandExecutor.java:215)
	at org.openqa.selenium.remote.service.DriverCommandExecutor.invokeExecute(DriverCommandExecutor.java:216)
	at org.openqa.selenium.remote.service.DriverCommandExecutor.execute(DriverCommandExecutor.java:174)
	at org.openqa.selenium.remote.RemoteWebDriver.execute(RemoteWebDriver.java:557)
	at org.openqa.selenium.remote.ElementLocation$ElementFinder$2.findElement(ElementLocation.java:165)
	at org.openqa.selenium.remote.ElementLocation.findElement(ElementLocation.java:59)
	at org.openqa.selenium.remote.RemoteWebDriver.findElement(RemoteWebDriver.java:380)
	at org.openqa.selenium.remote.RemoteWebDriver.findElement(RemoteWebDriver.java:374)
	at org.openqa.selenium.support.pagefactory.DefaultElementLocator.findElement(DefaultElementLocator.java:68)
	at org.openqa.selenium.support.pagefactory.internal.LocatingElementHandler.invoke(LocatingElementHandler.java:38)
	at jdk.proxy2/jdk.proxy2.$Proxy20.isDisplayed(Unknown Source)
	at org.openqa.selenium.support.ui.ExpectedConditions.elementIfVisible(ExpectedConditions.java:308)
	at org.openqa.selenium.support.ui.ExpectedConditions$10.apply(ExpectedConditions.java:294)
	at org.openqa.selenium.support.ui.ExpectedConditions$10.apply(ExpectedConditions.java:291)
	at org.openqa.selenium.support.ui.FluentWait.until(FluentWait.java:203)
	... 3 more
]]></failure>
    <system-out><![CDATA[
Scenario Outline: Login Page                       # src/test/java/Features/Login.feature:18
  âœ” Given User opens the Browser.                  # stepDefinitions.loginSteps.user_opens_the_browser()
  âœ” And Navigate to the given URL.                 # stepDefinitions.loginSteps.navigate_to_the_given_url()
  âœ˜ When User Enters "Admin" and "admin123"        # stepDefinitions.loginSteps.user_enters_credentials(java.lang.String,java.lang.String)
        org.openqa.selenium.TimeoutException: Expected condition failed: waiting for visibility of Proxy element for: DefaultElementLocator 'By.xpath: //input[@placeholder='Username']' (tried for 10 second(s) with 500 milliseconds interval)
        	at org.openqa.selenium.support.ui.WebDriverWait.timeoutException(WebDriverWait.java:84)
        	at org.openqa.selenium.support.ui.FluentWait.until(FluentWait.java:228)
        	at POM_Pages.LoginPage.EnterUserName(LoginPage.java:35)
        	at stepDefinitions.loginSteps.user_enters_credentials(loginSteps.java:31)
        	at âœ½.User Enters "Admin" and "admin123"(file:///C:/Users/aksha/eclipse-workspace/bdd-login_Scrap/src/test/java/Features/Login.feature:7)
        Caused by: org.openqa.selenium.NoSuchElementException: no such element: Unable to locate element: {"method":"xpath","selector":"//input[@placeholder='Username']"}
          (Session info: chrome=147.0.7727.102)
        For documentation on this error, please visit: https://www.selenium.dev/documentation/webdriver/troubleshooting/errors#nosuchelementexception
        Build info: version: '4.38.0', revision: '6b412e825c*'
        System info: os.name: 'Windows 10', os.arch: 'amd64', os.version: '10.0', java.version: '17.0.12'
        Driver info: org.openqa.selenium.chrome.ChromeDriver
        Command: [b5a67b8d94b1df68627e3d9949ac05b3, findElement {value=//input[@placeholder='Username'], using=xpath}]
        Capabilities {acceptInsecureCerts: false, browserName: chrome, browserVersion: 147.0.7727.102, chrome: {chromedriverVersion: 147.0.7727.117 (474cc805edd..., userDataDir: C:\Users\aksha\AppData\Loca...}, fedcm:accounts: true, goog:chromeOptions: {debuggerAddress: localhost:57647}, goog:processID: 16424, networkConnectionEnabled: false, pageLoadStrategy: normal, platformName: windows, proxy: Proxy(), se:cdp: ws://localhost:57647/devtoo..., se:cdpVersion: 147.0.7727.102, setWindowRect: true, strictFileInteractability: false, timeouts: {implicit: 0, pageLoad: 300000, script: 30000}, unhandledPromptBehavior: dismiss and notify, webauthn:extension:credBlob: true, webauthn:extension:largeBlob: true, webauthn:extension:minPinLength: true, webauthn:extension:prf: true, webauthn:virtualAuthenticators: true}
        Session ID: b5a67b8d94b1df68627e3d9949ac05b3
        	at jdk.internal.reflect.GeneratedConstructorAccessor9.newInstance(Unknown Source)
        	at java.base/jdk.internal.reflect.DelegatingConstructorAccessorImpl.newInstance(DelegatingConstructorAccessorImpl.java:45)
        	at java.base/java.lang.reflect.Constructor.newInstanceWithCaller(Constructor.java:499)
        	at java.base/java.lang.reflect.Constructor.newInstance(Constructor.java:480)
        	at org.openqa.selenium.remote.ErrorCodec.decode(ErrorCodec.java:167)
        	at org.openqa.selenium.remote.codec.w3c.W3CHttpResponseCodec.decode(W3CHttpResponseCodec.java:138)
        	at org.openqa.selenium.remote.codec.w3c.W3CHttpResponseCodec.decode(W3CHttpResponseCodec.java:50)
        	at org.openqa.selenium.remote.HttpCommandExecutor.execute(HttpCommandExecutor.java:215)
        	at org.openqa.selenium.remote.service.DriverCommandExecutor.invokeExecute(DriverCommandExecutor.java:216)
        	at org.openqa.selenium.remote.service.DriverCommandExecutor.execute(DriverCommandExecutor.java:174)
        	at org.openqa.selenium.remote.RemoteWebDriver.execute(RemoteWebDriver.java:557)
        	at org.openqa.selenium.remote.ElementLocation$ElementFinder$2.findElement(ElementLocation.java:165)
        	at org.openqa.selenium.remote.ElementLocation.findElement(ElementLocation.java:59)
        	at org.openqa.selenium.remote.RemoteWebDriver.findElement(RemoteWebDriver.java:380)
        	at org.openqa.selenium.remote.RemoteWebDriver.findElement(RemoteWebDriver.java:374)
        	at org.openqa.selenium.support.pagefactory.DefaultElementLocator.findElement(DefaultElementLocator.java:68)
        	at org.openqa.selenium.support.pagefactory.internal.LocatingElementHandler.invoke(LocatingElementHandler.java:38)
        	at jdk.proxy2/jdk.proxy2.$Proxy20.isDisplayed(Unknown Source)
        	at org.openqa.selenium.support.ui.ExpectedConditions.elementIfVisible(ExpectedConditions.java:308)
        	at org.openqa.selenium.support.ui.ExpectedConditions$10.apply(ExpectedConditions.java:294)
        	at org.openqa.selenium.support.ui.ExpectedConditions$10.apply(ExpectedConditions.java:291)
        	at org.openqa.selenium.support.ui.FluentWait.until(FluentWait.java:203)
        	... 3 more
  â†· And Click on the login button.                 # stepDefinitions.loginSteps.click_on_the_login_button()
  â†· Then Validate the LoginPage Title "OrangeHRM2" # stepDefinitions.loginSteps.validate_the_login_page_title(java.lang.String)
        io.cucumber.core.exception.CucumberException: class stepDefinitions.Hooks does not have a public zero-argument constructor.
        
        To use dependency injection add an other ObjectFactory implementation such as:
         * cucumber-picocontainer
         * cucumber-spring
         * cucumber-jakarta-cdi
         * ...etc
        
        	at io.cucumber.core.backend.DefaultObjectFactory.cacheNewInstance(DefaultObjectFactory.java:57)
        	at io.cucumber.core.backend.DefaultObjectFactory.getInstance(DefaultObjectFactory.java:45)
        	at io.cucumber.java.AbstractGlueDefinition.invokeMethod(AbstractGlueDefinition.java:47)
        	at io.cucumber.java.JavaHookDefinition.execute(JavaHookDefinition.java:68)
        	at io.cucumber.core.runner.CoreHookDefinition.execute(CoreHookDefinition.java:47)
        	at io.cucumber.core.runner.HookDefinitionMatch.runStep(HookDefinitionMatch.java:21)
        	at io.cucumber.core.runner.ExecutionMode$1.execute(ExecutionMode.java:10)
        	at io.cucumber.core.runner.TestStep.executeStep(TestStep.java:81)
        	at io.cucumber.core.runner.TestStep.run(TestStep.java:53)
        	at io.cucumber.core.runner.TestCase.run(TestCase.java:93)
        	at io.cucumber.core.runner.Runner.runPickle(Runner.java:78)
        	at io.cucumber.testng.TestNGCucumberRunner.lambda$runScenario$1(TestNGCucumberRunner.java:132)
        	at io.cucumber.core.runtime.CucumberExecutionContext.lambda$runTestCase$5(CucumberExecutionContext.java:136)
        	at io.cucumber.core.runtime.RethrowingThrowableCollector.executeAndThrow(RethrowingThrowableCollector.java:23)
        	at io.cucumber.core.runtime.CucumberExecutionContext.runTestCase(CucumberExecutionContext.java:136)
        	at io.cucumber.testng.TestNGCucumberRunner.runScenario(TestNGCucumberRunner.java:129)
        	at io.cucumber.testng.AbstractTestNGCucumberTests.runScenario(AbstractTestNGCucumberTests.java:35)
        	at java.base/jdk.internal.reflect.NativeMethodAccessorImpl.invoke0(Native Method)
        	at java.base/jdk.internal.reflect.NativeMethodAccessorImpl.invoke(NativeMethodAccessorImpl.java:77)
        	at java.base/jdk.internal.reflect.DelegatingMethodAccessorImpl.invoke(DelegatingMethodAccessorImpl.java:43)
        	at java.base/java.lang.reflect.Method.invoke(Method.java:568)
        	at org.testng.internal.invokers.MethodInvocationHelper.invokeMethod(MethodInvocationHelper.java:139)
        	at org.testng.internal.invokers.TestInvoker.invokeMethod(TestInvoker.java:664)
        	at org.testng.internal.invokers.TestInvoker.invokeTestMethod(TestInvoker.java:227)
        	at org.testng.internal.invokers.MethodRunner.runInSequence(MethodRunner.java:50)
        	at org.testng.internal.invokers.TestInvoker$MethodInvocationAgent.invoke(TestInvoker.java:957)
        	at org.testng.internal.invokers.TestInvoker.invokeTestMethods(TestInvoker.java:200)
        	at org.testng.internal.invokers.TestMethodWorker.invokeTestMethods(TestMethodWorker.java:148)
        	at org.testng.internal.invokers.TestMethodWorker.run(TestMethodWorker.java:128)
        	at java.base/java.util.ArrayList.forEach(ArrayList.java:1511)
        	at org.testng.TestRunner.privateRun(TestRunner.java:848)
        	at org.testng.TestRunner.run(TestRunner.java:621)
        	at org.testng.SuiteRunner.runTest(SuiteRunner.java:443)
        	at org.testng.SuiteRunner.runSequentially(SuiteRunner.java:437)
        	at org.testng.SuiteRunner.privateRun(SuiteRunner.java:397)
        	at org.testng.SuiteRunner.run(SuiteRunner.java:336)
        	at org.testng.SuiteRunnerWorker.runSuite(SuiteRunnerWorker.java:52)
        	at org.testng.SuiteRunnerWorker.run(SuiteRunnerWorker.java:95)
        	at org.testng.TestNG.runSuitesSequentially(TestNG.java:1280)
        	at org.testng.TestNG.runSuitesLocally(TestNG.java:1200)
        	at org.testng.TestNG.runSuites(TestNG.java:1114)
        	at org.testng.TestNG.run(TestNG.java:1082)
        	at org.apache.maven.surefire.testng.TestNGExecutor.run(TestNGExecutor.java:155)
        	at org.apache.maven.surefire.testng.TestNGDirectoryTestSuite.executeSingleClass(TestNGDirectoryTestSuite.java:102)
        	at org.apache.maven.surefire.testng.TestNGDirectoryTestSuite.execute(TestNGDirectoryTestSuite.java:91)
        	at org.apache.maven.surefire.testng.TestNGProvider.invoke(TestNGProvider.java:137)
        	at org.apache.maven.surefire.booter.ForkedBooter.runSuitesInProcess(ForkedBooter.java:385)
        	at org.apache.maven.surefire.booter.ForkedBooter.execute(ForkedBooter.java:162)
        	at org.apache.maven.surefire.booter.ForkedBooter.run(ForkedBooter.java:507)
        	at org.apache.maven.surefire.booter.ForkedBooter.main(ForkedBooter.java:495)
        Caused by: java.lang.NoSuchMethodException: stepDefinitions.Hooks.<init>()
        	at java.base/java.lang.Class.getConstructor0(Class.java:3585)
        	at java.base/java.lang.Class.getConstructor(Class.java:2271)
        	at io.cucumber.core.backend.DefaultObjectFactory.cacheNewInstance(DefaultObjectFactory.java:52)
        	... 49 more
]]></system-out>
    <system-err><![CDATA[May 04, 2026 3:30:02 PM org.openqa.selenium.devtools.CdpVersionFinder findNearestMatch
WARNING: Unable to find CDP implementation matching 147
May 04, 2026 3:30:02 PM org.openqa.selenium.chromium.ChromiumDriver lambda$new$4
WARNING: Unable to find version of CDP to use for 147.0.7727.102. You may need to include a dependency on a specific version of the CDP using something similar to `org.seleniumhq.selenium:selenium-devtools-v86:4.38.0` where the version ("v86") matches the version of the chromium-based browser you're using and the version number of the artifact is the same as Selenium's.
]]></system-err>
  </testcase>
</testsuite>