<?xml version="1.0" encoding="UTF-8"?>
<!-- Generated by org.testng.reporters.JUnitReportReporter -->
<testsuite hostname="DESKTOP-1MLU37P" failures="1" tests="5" name="Runner.TestRunner" time="63.198" errors="0" timestamp="2025-11-05T14:16:26 IST" skipped="0">
  <testcase classname="Runner.TestRunner" name="runScenario" time="10.745"/>
  <testcase classname="Runner.TestRunner" name="runScenario" time="9.085"/>
  <testcase classname="Runner.TestRunner" name="runScenario" time="10.326">
    <failure message="expected [OrangeHRM] but found [OrangeHRM2]" type="java.lang.AssertionError">
      <![CDATA[java.lang.AssertionError: expected [OrangeHRM] but found [OrangeHRM2]
at org.testng.Assert.fail(Assert.java:111)
at org.testng.Assert.failNotEquals(Assert.java:1578)
at org.testng.Assert.assertEqualsImpl(Assert.java:150)
at org.testng.Assert.assertEquals(Assert.java:132)
at org.testng.Assert.assertEquals(Assert.java:656)
at org.testng.Assert.assertEquals(Assert.java:666)
at stepDefinitions.loginSteps.validate_the_login_page_title(loginSteps.java:49)
at ✽.Validate the LoginPage Title "OrangeHRM2"(file:///C:/Users/aksha/eclipse-workspace/bdd-login_Scrap/src/test/java/Features/Login.feature:9)
]]>
    </failure>
  </testcase> <!-- runScenario -->
  <testcase classname="Runner.TestRunner" name="runScenario" time="10.769"/>
  <testcase classname="Runner.TestRunner" name="runScenario" time="22.273"/>
</testsuite> <!-- Runner.TestRunner -->
